0 info it worked if it ends with ok
1 verbose cli [ 'node', '/usr/local/bin/npm', 'publish', '--force' ]
2 info using npm@2.10.1
3 info using node@v0.12.4
4 warn using --force I sure hope you know what you are doing.
5 verbose publish [ '.' ]
6 silly cache add args [ '.', null ]
7 verbose cache add spec .
8 silly cache add parsed spec { raw: '.',
8 silly cache add   scope: null,
8 silly cache add   name: null,
8 silly cache add   rawSpec: '.',
8 silly cache add   spec: '/Users/moncrieff/Sites/grunt-azure-deploy',
8 silly cache add   type: 'directory' }
9 verbose addLocalDirectory /Users/moncrieff/.npm/grunt-azure-deploy/0.1.0/package.tgz not in flight; packing
10 verbose tar pack [ '/Users/moncrieff/.npm/grunt-azure-deploy/0.1.0/package.tgz',
10 verbose tar pack   '/Users/moncrieff/Sites/grunt-azure-deploy' ]
11 verbose tarball /Users/moncrieff/.npm/grunt-azure-deploy/0.1.0/package.tgz
12 verbose folder /Users/moncrieff/Sites/grunt-azure-deploy
13 info prepublish grunt-azure-deploy@0.1.0
14 verbose addLocalTarball adding from inside cache /Users/moncrieff/.npm/grunt-azure-deploy/0.1.0/package.tgz
15 silly cache afterAdd grunt-azure-deploy@0.1.0
16 verbose afterAdd /Users/moncrieff/.npm/grunt-azure-deploy/0.1.0/package/package.json not in flight; writing
17 verbose afterAdd /Users/moncrieff/.npm/grunt-azure-deploy/0.1.0/package/package.json written
18 silly publish { name: 'grunt-azure-deploy',
18 silly publish   description: 'Deploys a directory to an Azure website.',
18 silly publish   version: '0.1.0',
18 silly publish   homepage: 'https://github.com/mncrff/grunt-azure-deploy',
18 silly publish   author: { name: 'Alycia Moncrieff', email: 'alycia@amoncrieff.com' },
18 silly publish   repository:
18 silly publish    { type: 'git',
18 silly publish      url: 'git://github.com/mncrff/grunt-azure-deploy.git' },
18 silly publish   bugs: { url: 'https://github.com/mncrff/grunt-azure-deploy/issues' },
18 silly publish   licenses:
18 silly publish    [ { type: 'MIT',
18 silly publish        url: 'https://github.com/mncrff/grunt-azure-deploy/blob/master/LICENSE-MIT' } ],
18 silly publish   engines: { node: '>= 0.8.0' },
18 silly publish   scripts: { test: 'grunt test' },
18 silly publish   devDependencies:
18 silly publish    { 'grunt-contrib-jshint': '^0.9.2',
18 silly publish      'grunt-contrib-clean': '^0.5.0',
18 silly publish      'grunt-contrib-nodeunit': '^0.3.3',
18 silly publish      grunt: '~0.4.5',
18 silly publish      'azure-deploy': '^0.2.2' },
18 silly publish   keywords: [ 'gruntplugin', 'azure', 'deployment' ],
18 silly publish   readme: '# grunt-azure-deploy\n\nA grunt wrapper for the node package [azure-deploy](https://www.npmjs.com/package/azure-deploy), which deploys a directory to an Azure WebSite using git integration.\n\nFor the latest documentation, visit the official [Github repository](https://github.com/mncrff/grunt-azure-deploy).\n\n## Getting Started\nThis plugin requires Grunt `~0.4.5`\n\nIf you haven\'t used [Grunt](http://gruntjs.com/) before, be sure to check out the [Getting Started](http://gruntjs.com/getting-started) guide, as it explains how to create a [Gruntfile](http://gruntjs.com/sample-gruntfile) as well as install and use Grunt plugins. Once you\'re familiar with that process, you may install this plugin with this command:\n\n```shell\nnpm install grunt-azure-deploy --save-dev\n```\n\nOnce the plugin has been installed, it may be enabled inside your Gruntfile with this line of JavaScript:\n\n```js\ngrunt.loadNpmTasks(\'grunt-azure-deploy\');\n```\n\n## Usage\n\n### Overview\nIn your project\'s Gruntfile, add a section named `azureDeploy` to the data object passed into `grunt.initConfig()`.\n\n```js\ngrunt.initConfig({\n  azure_deploy: {\n    options: {\n      credential_file: process.env[\'HOME\']+\'/.azure/creds.json\' // the location and name of your Azure credentials stored as JSON\n    },\n    directory: \'./build\', // the directory of data you wish to deploy\n    website_name: \'testWebsite\' // your Azure Website name\n  },\n});\n```\n\n### Options\n#### options.credential_file\nType: `String`\nDefault value: `\'.azure_deploy.json\'`\n\nA string value that is used to specify the location of the Azure deployment credentials file. File should be formatted as JSON.\n\n### Managing Azure Credentials\n\nAdd your Azure WebSite deployment credentials to a separate JSON file. For security reasons, make sure this file is outside of or ignored by source control!\n\n```js\n{\n  "username": "testUser",\n  "password": "testPassword123"\n}\n```\n\n## Contributing\nIn lieu of a formal styleguide, take care to maintain the existing coding style. Add unit tests for any new or changed functionality. Lint and test your code using [Grunt](http://gruntjs.com/).\n\n## Release History\n_(Nothing yet)_\n',
18 silly publish   readmeFilename: 'README.md',
18 silly publish   gitHead: 'df4c0c2d45c236606584e245ad1f0b16991cc323',
18 silly publish   _id: 'grunt-azure-deploy@0.1.0',
18 silly publish   _shasum: '82100821d7a1963af5904e89ba1c163fcdfb6b3f',
18 silly publish   _from: '.' }
19 verbose getPublishConfig undefined
20 silly mapToRegistry name grunt-azure-deploy
21 silly mapToRegistry using default registry
22 silly mapToRegistry registry https://registry.npmjs.org/
23 silly mapToRegistry uri https://registry.npmjs.org/grunt-azure-deploy
24 verbose publish registryBase https://registry.npmjs.org/
25 silly publish uploading /Users/moncrieff/.npm/grunt-azure-deploy/0.1.0/package.tgz
26 verbose request uri https://registry.npmjs.org/grunt-azure-deploy
27 verbose request sending authorization for write operation
28 info attempt registry request try #1 at 4:55:57 PM
29 verbose request using bearer token for auth
30 verbose request id 37423649eba3afc4
31 http request PUT https://registry.npmjs.org/grunt-azure-deploy
32 http 403 https://registry.npmjs.org/grunt-azure-deploy
33 verbose headers { 'content-type': 'application/json',
33 verbose headers   'cache-control': 'max-age=300',
33 verbose headers   'content-length': '128',
33 verbose headers   'accept-ranges': 'bytes',
33 verbose headers   date: 'Mon, 15 Aug 2016 23:55:58 GMT',
33 verbose headers   via: '1.1 varnish',
33 verbose headers   connection: 'keep-alive',
33 verbose headers   'x-served-by': 'cache-sea1922-SEA',
33 verbose headers   'x-cache': 'MISS',
33 verbose headers   'x-cache-hits': '0',
33 verbose headers   'x-timer': 'S1471305357.990616,VS0,VE158',
33 verbose headers   vary: 'Accept-Encoding' }
34 verbose request invalidating /Users/moncrieff/.npm/registry.npmjs.org/grunt-azure-deploy on PUT
35 error publish Failed PUT 403
36 verbose stack Error: "You cannot publish over the previously published version 0.1.0. Try bumping the version to 1.0.0" : grunt-azure-deploy
36 verbose stack     at CachingRegistryClient.<anonymous> (/usr/local/lib/node_modules/npm/node_modules/npm-registry-client/lib/request.js:247:14)
36 verbose stack     at Request._callback (/usr/local/lib/node_modules/npm/node_modules/npm-registry-client/lib/request.js:170:14)
36 verbose stack     at Request.self.callback (/usr/local/lib/node_modules/npm/node_modules/request/request.js:368:22)
36 verbose stack     at Request.emit (events.js:110:17)
36 verbose stack     at Request.<anonymous> (/usr/local/lib/node_modules/npm/node_modules/request/request.js:1219:14)
36 verbose stack     at Request.emit (events.js:129:20)
36 verbose stack     at IncomingMessage.<anonymous> (/usr/local/lib/node_modules/npm/node_modules/request/request.js:1167:12)
36 verbose stack     at IncomingMessage.emit (events.js:129:20)
36 verbose stack     at _stream_readable.js:908:16
36 verbose stack     at process._tickCallback (node.js:355:11)
37 verbose statusCode 403
38 verbose pkgid grunt-azure-deploy
39 verbose cwd /Users/moncrieff/Sites/grunt-azure-deploy
40 error Darwin 15.6.0
41 error argv "node" "/usr/local/bin/npm" "publish" "--force"
42 error node v0.12.4
43 error npm  v2.10.1
44 error code E403
45 error "You cannot publish over the previously published version 0.1.0. Try bumping the version to 1.0.0" : grunt-azure-deploy
46 error If you need help, you may report this error at:
46 error     <https://github.com/npm/npm/issues>
47 verbose exit [ 1, true ]
